<?xml version="1.0" encoding="UTF-8"?>
<!-- Generated by org.testng.reporters.JUnitXMLReporter -->
<testsuite ignored="12" hostname="DESKTOP-V2RKAG5" failures="2" tests="7" name="Test" time="0.133" errors="0" timestamp="2021-03-28T15:48:46 IST">
  <testcase classname="core_Java_1.Sample1" name="testA" time="0.017">
    <failure type="java.lang.AssertionError" message="expected [google] but found [Google]">
      <![CDATA[java.lang.AssertionError: expected [google] but found [Google]
at core_Java_1.Sample1.testA(Sample1.java:10)
at java.base/java.util.ArrayList.forEach(ArrayList.java:1511)
... Removed 33 stack frames]]>
    </failure>
  </testcase> <!-- testA -->
  <testcase classname="core_Java_1.Sample1" name="testC" time="0.002"/>
  <testcase classname="core_Java_1.Sample2" name="testC" time="0.002"/>
  <testcase classname="core_Java_1.Sample3" name="testA" time="0.002"/>
  <testcase classname="core_Java_1.Sample4" name="search" time="0.002"/>
  <testcase classname="core_Java_1.Sample5" name="testB" time="0.005"/>
  <testcase classname="core_Java_1.Sample6" name="testC" time="0.002">
    <failure type="java.lang.AssertionError" message="expected [gmail] but found [Gmail]">
      <![CDATA[java.lang.AssertionError: expected [gmail] but found [Gmail]
at core_Java_1.Sample6.testC(Sample6.java:16)
at java.base/java.util.ArrayList.forEach(ArrayList.java:1511)
... Removed 33 stack frames]]>
    </failure>
  </testcase> <!-- testC -->
  <testcase classname="core_Java_1.Sample4" name="login" time="0.0">
    <ignored/>
  </testcase> <!-- login -->
  <testcase classname="core_Java_1.Sample1" name="testB" time="0.0">
    <ignored/>
  </testcase> <!-- testB -->
  <testcase classname="core_Java_1.Sample6" name="testA" time="0.0">
    <ignored/>
  </testcase> <!-- testA -->
  <testcase classname="core_Java_1.Sample2" name="testB" time="0.0">
    <ignored/>
  </testcase> <!-- testB -->
  <testcase classname="core_Java_1.Sample3" name="testC" time="0.0">
    <ignored/>
  </testcase> <!-- testC -->
  <testcase classname="core_Java_1.Sample5" name="testA" time="0.0">
    <ignored/>
  </testcase> <!-- testA -->
  <testcase classname="core_Java_1.Sample4" name="Advancesearch" time="0.0">
    <ignored/>
  </testcase> <!-- Advancesearch -->
  <testcase classname="core_Java_1.Sample3" name="testB" time="0.0">
    <ignored/>
  </testcase> <!-- testB -->
  <testcase classname="core_Java_1.Sample4" name="logout" time="0.0">
    <ignored/>
  </testcase> <!-- logout -->
  <testcase classname="core_Java_1.Sample5" name="testC" time="0.0">
    <ignored/>
  </testcase> <!-- testC -->
  <testcase classname="core_Java_1.Sample2" name="testA" time="0.0">
    <ignored/>
  </testcase> <!-- testA -->
  <testcase classname="core_Java_1.Sample6" name="testB" time="0.0">
    <ignored/>
  </testcase> <!-- testB -->
</testsuite> <!-- Test -->
